Sat Oct 18 2014 05:30:21 GMT-0700 (PDT):
{ [Error: Server returned an unknown AccountType: undefined]
  stack: [Getter/Setter],
  __frame: 
   { name: 'getSubscriptions',
     line: 23,
     file: '/usr/local/lib/node_modules/azure-cli/lib/util/profile/subscriptionUtils._js',
     prev: 
      { name: '__1',
        line: 41,
        file: '/usr/local/lib/node_modules/azure-cli/lib/commands/login._js',
        prev: undefined,
        active: false,
        offset: 47,
        col: 31 },
     active: false,
     offset: 1,
     col: 20 },
  rawStack: [Getter] }
Error: Server returned an unknown AccountType: undefined
    at Logger.createError (/usr/local/lib/node_modules/azure-cli/node_modules/adal-node/lib/log.js:196:13)
    at /usr/local/lib/node_modules/azure-cli/node_modules/adal-node/lib/token-request.js:373:35
    at UserRealm._parseDiscoveryResponse (/usr/local/lib/node_modules/azure-cli/node_modules/adal-node/lib/user-realm.js:234:3)
    at /usr/local/lib/node_modules/azure-cli/node_modules/adal-node/lib/user-realm.js:263:12
    at Request._callback (/usr/local/lib/node_modules/azure-cli/node_modules/adal-node/lib/util.js:116:5)
    at Request.self.callback (/usr/local/lib/node_modules/azure-cli/node_modules/request/request.js:129:22)
    at Request.emit (events.js:98:17)
    at Request.<anonymous> (/usr/local/lib/node_modules/azure-cli/node_modules/request/request.js:873:14)
    at Request.emit (events.js:117:20)
    at IncomingMessage.<anonymous> (/usr/local/lib/node_modules/azure-cli/node_modules/request/request.js:824:12)
    at getSubscriptions (/usr/local/lib/node_modules/azure-cli/lib/util/profile/subscriptionUtils._js:24:20)
    at __1 (/usr/local/lib/node_modules/azure-cli/lib/commands/login._js:88:31)

